2021-09-01 17:15:44,090 INFO o.a.j.u.JMeterUtils: Setting Locale to en_EN
2021-09-01 17:15:44,138 INFO o.a.j.JMeter: Loading user properties from: /usr/local/Cellar/apache-jmeter-5.1.1/bin/user.properties
2021-09-01 17:15:44,139 INFO o.a.j.JMeter: Loading system properties from: /usr/local/Cellar/apache-jmeter-5.1.1/bin/system.properties
2021-09-01 17:15:44,147 INFO o.a.j.JMeter: Copyright (c) 1998-2019 The Apache Software Foundation
2021-09-01 17:15:44,147 INFO o.a.j.JMeter: Version 5.1.1 r1855137
2021-09-01 17:15:44,148 INFO o.a.j.JMeter: java.version=11.0.2
2021-09-01 17:15:44,148 INFO o.a.j.JMeter: java.vm.name=OpenJDK 64-Bit Server VM
2021-09-01 17:15:44,148 INFO o.a.j.JMeter: os.name=Mac OS X
2021-09-01 17:15:44,148 INFO o.a.j.JMeter: os.arch=x86_64
2021-09-01 17:15:44,148 INFO o.a.j.JMeter: os.version=10.13.6
2021-09-01 17:15:44,148 INFO o.a.j.JMeter: file.encoding=UTF-8
2021-09-01 17:15:44,148 INFO o.a.j.JMeter: java.awt.headless=null
2021-09-01 17:15:44,149 INFO o.a.j.JMeter: Max memory     =1073741824
2021-09-01 17:15:44,149 INFO o.a.j.JMeter: Available Processors =4
2021-09-01 17:15:44,163 INFO o.a.j.JMeter: Default Locale=English (EN)
2021-09-01 17:15:44,163 INFO o.a.j.JMeter: JMeter  Locale=English (EN)
2021-09-01 17:15:44,163 INFO o.a.j.JMeter: JMeterHome=/usr/local/Cellar/apache-jmeter-5.1.1
2021-09-01 17:15:44,164 INFO o.a.j.JMeter: user.dir  =/Users/admin/github/az
2021-09-01 17:15:44,164 INFO o.a.j.JMeter: PWD       =/Users/admin/github/az
2021-09-01 17:15:44,167 INFO o.a.j.JMeter: IP: 192.168.1.11 Name: Admins-MacBook-Pro-7.local FullName: 192.168.1.11
2021-09-01 17:15:47,568 INFO o.a.j.g.a.LookAndFeelCommand: Installing Darcula LAF
2021-09-01 17:15:47,585 INFO o.a.j.g.a.LookAndFeelCommand: Using look and feel: com.bulenkov.darcula.DarculaLaf [Darcula]
2021-09-01 17:15:47,585 INFO o.a.j.JMeter: Setting LAF to: com.bulenkov.darcula.DarculaLaf
2021-09-01 17:15:47,772 INFO o.a.j.JMeter: Loaded icon properties from org/apache/jmeter/images/icon.properties
2021-09-01 17:15:50,460 INFO o.a.j.p.h.s.HTTPSamplerBase: Parser for text/html is org.apache.jmeter.protocol.http.parser.LagartoBasedHtmlParser
2021-09-01 17:15:50,461 INFO o.a.j.p.h.s.HTTPSamplerBase: Parser for application/xhtml+xml is org.apache.jmeter.protocol.http.parser.LagartoBasedHtmlParser
2021-09-01 17:15:50,462 INFO o.a.j.p.h.s.HTTPSamplerBase: Parser for application/xml is org.apache.jmeter.protocol.http.parser.LagartoBasedHtmlParser
2021-09-01 17:15:50,463 INFO o.a.j.p.h.s.HTTPSamplerBase: Parser for text/xml is org.apache.jmeter.protocol.http.parser.LagartoBasedHtmlParser
2021-09-01 17:15:50,463 INFO o.a.j.p.h.s.HTTPSamplerBase: Parser for text/vnd.wap.wml is org.apache.jmeter.protocol.http.parser.RegexpHTMLParser
2021-09-01 17:15:50,464 INFO o.a.j.p.h.s.HTTPSamplerBase: Parser for text/css is org.apache.jmeter.protocol.http.parser.CssParser
2021-09-01 17:15:51,109 INFO o.a.j.e.KeyToolUtils: keytool found at 'keytool'
2021-09-01 17:15:51,109 INFO o.a.j.p.h.p.ProxyControl: HTTP(S) Test Script Recorder SSL Proxy will use keys that support embedded 3rd party resources in file /usr/local/Cellar/apache-jmeter-5.1.1/bin/proxyserver.jks
2021-09-01 17:15:51,308 INFO o.a.j.s.FileServer: Default base='/Users/admin/github/az'
2021-09-01 17:15:51,887 INFO o.a.j.s.SampleResult: Note: Sample TimeStamps are START times
2021-09-01 17:15:51,887 INFO o.a.j.s.SampleResult: sampleresult.default.encoding is set to ISO-8859-1
2021-09-01 17:15:51,887 INFO o.a.j.s.SampleResult: sampleresult.useNanoTime=true
2021-09-01 17:15:51,888 INFO o.a.j.s.SampleResult: sampleresult.nanoThreadSleep=5000
2021-09-01 17:15:51,913 INFO o.a.j.v.ViewResultsFullVisualizer: Add JavaFX to your Java installation if you want to use renderer: org.apache.jmeter.visualizers.RenderInBrowser
2021-09-01 17:16:02,435 INFO o.a.j.g.a.Load: Loading file: /usr/local/Cellar/apache-jmeter-5.1.1/bin/swagger-plan.jmx
2021-09-01 17:16:02,443 INFO o.a.j.s.FileServer: Set new base='/usr/local/Cellar/apache-jmeter-5.1.1/bin'
2021-09-01 17:16:02,686 INFO o.a.j.s.SaveService: Testplan (JMX) version: 2.2. Testlog (JTL) version: 2.2
2021-09-01 17:16:02,722 INFO o.a.j.s.SaveService: Using SaveService properties version 5.0
2021-09-01 17:16:02,724 INFO o.a.j.s.SaveService: Using SaveService properties file encoding UTF-8
2021-09-01 17:16:02,727 INFO o.a.j.s.SaveService: Loading file: /usr/local/Cellar/apache-jmeter-5.1.1/bin/swagger-plan.jmx
2021-09-01 17:16:02,895 INFO o.a.j.v.ViewResultsFullVisualizer: Add JavaFX to your Java installation if you want to use renderer: org.apache.jmeter.visualizers.RenderInBrowser
2021-09-01 17:16:02,941 INFO o.a.j.v.ViewResultsFullVisualizer: Add JavaFX to your Java installation if you want to use renderer: org.apache.jmeter.visualizers.RenderInBrowser
2021-09-01 17:16:02,986 INFO o.a.j.v.ViewResultsFullVisualizer: Add JavaFX to your Java installation if you want to use renderer: org.apache.jmeter.visualizers.RenderInBrowser
2021-09-01 17:16:03,032 INFO o.a.j.v.ViewResultsFullVisualizer: Add JavaFX to your Java installation if you want to use renderer: org.apache.jmeter.visualizers.RenderInBrowser
2021-09-01 17:16:03,079 INFO o.a.j.v.ViewResultsFullVisualizer: Add JavaFX to your Java installation if you want to use renderer: org.apache.jmeter.visualizers.RenderInBrowser
2021-09-01 17:16:03,128 INFO o.a.j.v.ViewResultsFullVisualizer: Add JavaFX to your Java installation if you want to use renderer: org.apache.jmeter.visualizers.RenderInBrowser
2021-09-01 17:16:03,173 INFO o.a.j.v.ViewResultsFullVisualizer: Add JavaFX to your Java installation if you want to use renderer: org.apache.jmeter.visualizers.RenderInBrowser
2021-09-01 17:16:03,212 INFO o.a.j.v.ViewResultsFullVisualizer: Add JavaFX to your Java installation if you want to use renderer: org.apache.jmeter.visualizers.RenderInBrowser
2021-09-01 17:16:03,252 INFO o.a.j.v.ViewResultsFullVisualizer: Add JavaFX to your Java installation if you want to use renderer: org.apache.jmeter.visualizers.RenderInBrowser
2021-09-01 17:16:03,292 INFO o.a.j.v.ViewResultsFullVisualizer: Add JavaFX to your Java installation if you want to use renderer: org.apache.jmeter.visualizers.RenderInBrowser
2021-09-01 17:16:03,344 INFO o.a.j.v.ViewResultsFullVisualizer: Add JavaFX to your Java installation if you want to use renderer: org.apache.jmeter.visualizers.RenderInBrowser
2021-09-01 17:16:03,395 INFO o.a.j.v.ViewResultsFullVisualizer: Add JavaFX to your Java installation if you want to use renderer: org.apache.jmeter.visualizers.RenderInBrowser
2021-09-01 17:16:03,443 INFO o.a.j.v.ViewResultsFullVisualizer: Add JavaFX to your Java installation if you want to use renderer: org.apache.jmeter.visualizers.RenderInBrowser
2021-09-01 17:16:03,511 INFO o.a.j.v.ViewResultsFullVisualizer: Add JavaFX to your Java installation if you want to use renderer: org.apache.jmeter.visualizers.RenderInBrowser
2021-09-01 17:16:03,559 INFO o.a.j.v.ViewResultsFullVisualizer: Add JavaFX to your Java installation if you want to use renderer: org.apache.jmeter.visualizers.RenderInBrowser
2021-09-01 17:16:03,604 INFO o.a.j.v.ViewResultsFullVisualizer: Add JavaFX to your Java installation if you want to use renderer: org.apache.jmeter.visualizers.RenderInBrowser
2021-09-01 17:16:03,652 INFO o.a.j.v.ViewResultsFullVisualizer: Add JavaFX to your Java installation if you want to use renderer: org.apache.jmeter.visualizers.RenderInBrowser
2021-09-01 17:16:03,698 INFO o.a.j.v.ViewResultsFullVisualizer: Add JavaFX to your Java installation if you want to use renderer: org.apache.jmeter.visualizers.RenderInBrowser
2021-09-01 17:16:03,742 INFO o.a.j.v.ViewResultsFullVisualizer: Add JavaFX to your Java installation if you want to use renderer: org.apache.jmeter.visualizers.RenderInBrowser
2021-09-01 17:16:03,788 INFO o.a.j.v.ViewResultsFullVisualizer: Add JavaFX to your Java installation if you want to use renderer: org.apache.jmeter.visualizers.RenderInBrowser
2021-09-01 17:16:03,843 INFO o.a.j.v.ViewResultsFullVisualizer: Add JavaFX to your Java installation if you want to use renderer: org.apache.jmeter.visualizers.RenderInBrowser
2021-09-01 17:16:03,885 INFO o.a.j.v.ViewResultsFullVisualizer: Add JavaFX to your Java installation if you want to use renderer: org.apache.jmeter.visualizers.RenderInBrowser
2021-09-01 17:16:03,927 INFO o.a.j.v.ViewResultsFullVisualizer: Add JavaFX to your Java installation if you want to use renderer: org.apache.jmeter.visualizers.RenderInBrowser
2021-09-01 17:16:03,976 INFO o.a.j.v.ViewResultsFullVisualizer: Add JavaFX to your Java installation if you want to use renderer: org.apache.jmeter.visualizers.RenderInBrowser
2021-09-01 17:16:04,015 INFO o.a.j.v.ViewResultsFullVisualizer: Add JavaFX to your Java installation if you want to use renderer: org.apache.jmeter.visualizers.RenderInBrowser
2021-09-01 17:16:04,060 INFO o.a.j.v.ViewResultsFullVisualizer: Add JavaFX to your Java installation if you want to use renderer: org.apache.jmeter.visualizers.RenderInBrowser
2021-09-01 17:16:04,106 INFO o.a.j.v.ViewResultsFullVisualizer: Add JavaFX to your Java installation if you want to use renderer: org.apache.jmeter.visualizers.RenderInBrowser
2021-09-01 17:16:04,147 INFO o.a.j.v.ViewResultsFullVisualizer: Add JavaFX to your Java installation if you want to use renderer: org.apache.jmeter.visualizers.RenderInBrowser
2021-09-01 17:16:04,209 INFO o.a.j.v.ViewResultsFullVisualizer: Add JavaFX to your Java installation if you want to use renderer: org.apache.jmeter.visualizers.RenderInBrowser
2021-09-01 17:16:04,251 INFO o.a.j.v.ViewResultsFullVisualizer: Add JavaFX to your Java installation if you want to use renderer: org.apache.jmeter.visualizers.RenderInBrowser
2021-09-01 17:16:04,300 INFO o.a.j.v.ViewResultsFullVisualizer: Add JavaFX to your Java installation if you want to use renderer: org.apache.jmeter.visualizers.RenderInBrowser
2021-09-01 17:16:04,351 INFO o.a.j.s.FileServer: Set new base='/usr/local/Cellar/apache-jmeter-5.1.1/bin'
2021-09-01 17:18:52,143 INFO o.a.j.p.h.g.a.ParseCurlCommandAction: Transforming CURL command curl -v -X POST "https://apimsmbc.azure-api.net/paynow/paynow-qr/v1/qrcode"
-H "x-smbcapac-messageid: 11111"
-H "x-smbcapac-country: SG"
-H "Content-Type: application/json"
-H "Cache-Control: no-cache"
-H "Ocp-Apim-Subscription-Key: 187607a8290b4997a03afa845dec87cd"
-H "Authorization: bearer eyJ0eXAiOiJKV1QiLCJhbGciOiJSUzI1NiIsIng1dCI6Im5PbzNaRHJPRFhFSzFqS1doWHNsSFJfS1hFZyIsImtpZCI6Im5PbzNaRHJPRFhFSzFqS1doWHNsSFJfS1hFZyJ9.eyJhdWQiOiJhcGk6Ly85ZDljMTExYy0zNGU0LTQwYWUtOGQzZS03YTJkYjVlZjJjNjIiLCJpc3MiOiJodHRwczovL3N0cy53aW5kb3dzLm5ldC80ZjNlY2YwYS0wNjcxLTQ3NjQtOTVjNy0zZTIwYmYxZjRiNjkvIiwiaWF0IjoxNjMwNDg3NTM3LCJuYmYiOjE2MzA0ODc1MzcsImV4cCI6MTYzMDQ5MTQzNywiYWlvIjoiRTJaZ1lEaXcrVjlLczU5ZjJkV2pybTBtLzVuRkFRPT0iLCJhcHBpZCI6IjRlYzg1NmYyLWZmZDgtNDhiNC1hZjFiLTM1MWY5NWZkNmRjMCIsImFwcGlkYWNyIjoiMSIsImlkcCI6Imh0dHBzOi8vc3RzLndpbmRvd3MubmV0LzRmM2VjZjBhLTA2NzEtNDc2NC05NWM3LTNlMjBiZjFmNGI2OS8iLCJvaWQiOiIwZjdkYTY5MC1mOWE4LTRmMDItYmVmMy01ZjIyNTFhMGM2NzMiLCJyaCI6IjAuQVhBQUNzOC1UM0VHWkVlVnh6NGd2eDlMYWZKV3lFN1lfN1JJcnhzMUg1WDliY0J3QUFBLiIsInN1YiI6IjBmN2RhNjkwLWY5YTgtNGYwMi1iZWYzLTVmMjI1MWEwYzY3MyIsInRpZCI6IjRmM2VjZjBhLTA2NzEtNDc2NC05NWM3LTNlMjBiZjFmNGI2OSIsInV0aSI6IkN2UkRvNnhoakU2cUwyNWxFWXhjQUEiLCJ2ZXIiOiIxLjAifQ.Ui2t8roVBK1BM1FmY2YBJWxrpiBxfe84znOAvbQRGOQGShTCT4Unr-Edq56VwHVehzHA4ZPWyL1mg5hAfq7HpnmqZy_FIgj8l-4UF5VqmDpS8kDUiExyA_U1zo4vtSqG_gjLFnTj8F6mTurFICW4XvfIbqmdVSUVd6nm5-ec_LDqnSBormlnvaxB3ZNayA_KpdIAK3Uoe9JY8eZekoLDvr5Q9zidzorncCXCxgEXST64qeYCoBhTamZehXv_qU_iErNLvzeBampll3r7p6w7pFn5yjedWU36ynZgx61vzOPoMk5EAEYqgi1AD2eqVpL9dMWy6kZu_F9cOVt4qLXldQ"
--data-raw '{
    "proxyType": "UEN",
    "proxyValue": "T01LLXXXXA",
    "amount": "14.53",
    "referenceText": "pay house loan from JJ",
    "qrcodeSize": 20.0,
    "expiryDate": "20210918"
}'
2021-09-01 17:18:52,154 ERROR o.a.j.p.h.g.a.ParseCurlCommandAction: Error creating test plan from cURL command:curl -v -X POST "https://apimsmbc.azure-api.net/paynow/paynow-qr/v1/qrcode"
-H "x-smbcapac-messageid: 11111"
-H "x-smbcapac-country: SG"
-H "Content-Type: application/json"
-H "Cache-Control: no-cache"
-H "Ocp-Apim-Subscription-Key: 187607a8290b4997a03afa845dec87cd"
-H "Authorization: bearer eyJ0eXAiOiJKV1QiLCJhbGciOiJSUzI1NiIsIng1dCI6Im5PbzNaRHJPRFhFSzFqS1doWHNsSFJfS1hFZyIsImtpZCI6Im5PbzNaRHJPRFhFSzFqS1doWHNsSFJfS1hFZyJ9.eyJhdWQiOiJhcGk6Ly85ZDljMTExYy0zNGU0LTQwYWUtOGQzZS03YTJkYjVlZjJjNjIiLCJpc3MiOiJodHRwczovL3N0cy53aW5kb3dzLm5ldC80ZjNlY2YwYS0wNjcxLTQ3NjQtOTVjNy0zZTIwYmYxZjRiNjkvIiwiaWF0IjoxNjMwNDg3NTM3LCJuYmYiOjE2MzA0ODc1MzcsImV4cCI6MTYzMDQ5MTQzNywiYWlvIjoiRTJaZ1lEaXcrVjlLczU5ZjJkV2pybTBtLzVuRkFRPT0iLCJhcHBpZCI6IjRlYzg1NmYyLWZmZDgtNDhiNC1hZjFiLTM1MWY5NWZkNmRjMCIsImFwcGlkYWNyIjoiMSIsImlkcCI6Imh0dHBzOi8vc3RzLndpbmRvd3MubmV0LzRmM2VjZjBhLTA2NzEtNDc2NC05NWM3LTNlMjBiZjFmNGI2OS8iLCJvaWQiOiIwZjdkYTY5MC1mOWE4LTRmMDItYmVmMy01ZjIyNTFhMGM2NzMiLCJyaCI6IjAuQVhBQUNzOC1UM0VHWkVlVnh6NGd2eDlMYWZKV3lFN1lfN1JJcnhzMUg1WDliY0J3QUFBLiIsInN1YiI6IjBmN2RhNjkwLWY5YTgtNGYwMi1iZWYzLTVmMjI1MWEwYzY3MyIsInRpZCI6IjRmM2VjZjBhLTA2NzEtNDc2NC05NWM3LTNlMjBiZjFmNGI2OSIsInV0aSI6IkN2UkRvNnhoakU2cUwyNWxFWXhjQUEiLCJ2ZXIiOiIxLjAifQ.Ui2t8roVBK1BM1FmY2YBJWxrpiBxfe84znOAvbQRGOQGShTCT4Unr-Edq56VwHVehzHA4ZPWyL1mg5hAfq7HpnmqZy_FIgj8l-4UF5VqmDpS8kDUiExyA_U1zo4vtSqG_gjLFnTj8F6mTurFICW4XvfIbqmdVSUVd6nm5-ec_LDqnSBormlnvaxB3ZNayA_KpdIAK3Uoe9JY8eZekoLDvr5Q9zidzorncCXCxgEXST64qeYCoBhTamZehXv_qU_iErNLvzeBampll3r7p6w7pFn5yjedWU36ynZgx61vzOPoMk5EAEYqgi1AD2eqVpL9dMWy6kZu_F9cOVt4qLXldQ"
--data-raw '{
    "proxyType": "UEN",
    "proxyValue": "T01LLXXXXA",
    "amount": "14.53",
    "referenceText": "pay house loan from JJ",
    "qrcodeSize": 20.0,
    "expiryDate": "20210918"
}', error:Unexpected format for command line:curl -v -X POST "https://apimsmbc.azure-api.net/paynow/paynow-qr/v1/qrcode"
-H "x-smbcapac-messageid: 11111"
-H "x-smbcapac-country: SG"
-H "Content-Type: application/json"
-H "Cache-Control: no-cache"
-H "Ocp-Apim-Subscription-Key: 187607a8290b4997a03afa845dec87cd"
-H "Authorization: bearer eyJ0eXAiOiJKV1QiLCJhbGciOiJSUzI1NiIsIng1dCI6Im5PbzNaRHJPRFhFSzFqS1doWHNsSFJfS1hFZyIsImtpZCI6Im5PbzNaRHJPRFhFSzFqS1doWHNsSFJfS1hFZyJ9.eyJhdWQiOiJhcGk6Ly85ZDljMTExYy0zNGU0LTQwYWUtOGQzZS03YTJkYjVlZjJjNjIiLCJpc3MiOiJodHRwczovL3N0cy53aW5kb3dzLm5ldC80ZjNlY2YwYS0wNjcxLTQ3NjQtOTVjNy0zZTIwYmYxZjRiNjkvIiwiaWF0IjoxNjMwNDg3NTM3LCJuYmYiOjE2MzA0ODc1MzcsImV4cCI6MTYzMDQ5MTQzNywiYWlvIjoiRTJaZ1lEaXcrVjlLczU5ZjJkV2pybTBtLzVuRkFRPT0iLCJhcHBpZCI6IjRlYzg1NmYyLWZmZDgtNDhiNC1hZjFiLTM1MWY5NWZkNmRjMCIsImFwcGlkYWNyIjoiMSIsImlkcCI6Imh0dHBzOi8vc3RzLndpbmRvd3MubmV0LzRmM2VjZjBhLTA2NzEtNDc2NC05NWM3LTNlMjBiZjFmNGI2OS8iLCJvaWQiOiIwZjdkYTY5MC1mOWE4LTRmMDItYmVmMy01ZjIyNTFhMGM2NzMiLCJyaCI6IjAuQVhBQUNzOC1UM0VHWkVlVnh6NGd2eDlMYWZKV3lFN1lfN1JJcnhzMUg1WDliY0J3QUFBLiIsInN1YiI6IjBmN2RhNjkwLWY5YTgtNGYwMi1iZWYzLTVmMjI1MWEwYzY3MyIsInRpZCI6IjRmM2VjZjBhLTA2NzEtNDc2NC05NWM3LTNlMjBiZjFmNGI2OSIsInV0aSI6IkN2UkRvNnhoakU2cUwyNWxFWXhjQUEiLCJ2ZXIiOiIxLjAifQ.Ui2t8roVBK1BM1FmY2YBJWxrpiBxfe84znOAvbQRGOQGShTCT4Unr-Edq56VwHVehzHA4ZPWyL1mg5hAfq7HpnmqZy_FIgj8l-4UF5VqmDpS8kDUiExyA_U1zo4vtSqG_gjLFnTj8F6mTurFICW4XvfIbqmdVSUVd6nm5-ec_LDqnSBormlnvaxB3ZNayA_KpdIAK3Uoe9JY8eZekoLDvr5Q9zidzorncCXCxgEXST64qeYCoBhTamZehXv_qU_iErNLvzeBampll3r7p6w7pFn5yjedWU36ynZgx61vzOPoMk5EAEYqgi1AD2eqVpL9dMWy6kZu_F9cOVt4qLXldQ"
--data-raw '{
    "proxyType": "UEN",
    "proxyValue": "T01LLXXXXA",
    "amount": "14.53",
    "referenceText": "pay house loan from JJ",
    "qrcodeSize": 20.0,
    "expiryDate": "20210918"
}', error:Unknown option -v
java.lang.IllegalArgumentException: Unexpected format for command line:curl -v -X POST "https://apimsmbc.azure-api.net/paynow/paynow-qr/v1/qrcode"
-H "x-smbcapac-messageid: 11111"
-H "x-smbcapac-country: SG"
-H "Content-Type: application/json"
-H "Cache-Control: no-cache"
-H "Ocp-Apim-Subscription-Key: 187607a8290b4997a03afa845dec87cd"
-H "Authorization: bearer eyJ0eXAiOiJKV1QiLCJhbGciOiJSUzI1NiIsIng1dCI6Im5PbzNaRHJPRFhFSzFqS1doWHNsSFJfS1hFZyIsImtpZCI6Im5PbzNaRHJPRFhFSzFqS1doWHNsSFJfS1hFZyJ9.eyJhdWQiOiJhcGk6Ly85ZDljMTExYy0zNGU0LTQwYWUtOGQzZS03YTJkYjVlZjJjNjIiLCJpc3MiOiJodHRwczovL3N0cy53aW5kb3dzLm5ldC80ZjNlY2YwYS0wNjcxLTQ3NjQtOTVjNy0zZTIwYmYxZjRiNjkvIiwiaWF0IjoxNjMwNDg3NTM3LCJuYmYiOjE2MzA0ODc1MzcsImV4cCI6MTYzMDQ5MTQzNywiYWlvIjoiRTJaZ1lEaXcrVjlLczU5ZjJkV2pybTBtLzVuRkFRPT0iLCJhcHBpZCI6IjRlYzg1NmYyLWZmZDgtNDhiNC1hZjFiLTM1MWY5NWZkNmRjMCIsImFwcGlkYWNyIjoiMSIsImlkcCI6Imh0dHBzOi8vc3RzLndpbmRvd3MubmV0LzRmM2VjZjBhLTA2NzEtNDc2NC05NWM3LTNlMjBiZjFmNGI2OS8iLCJvaWQiOiIwZjdkYTY5MC1mOWE4LTRmMDItYmVmMy01ZjIyNTFhMGM2NzMiLCJyaCI6IjAuQVhBQUNzOC1UM0VHWkVlVnh6NGd2eDlMYWZKV3lFN1lfN1JJcnhzMUg1WDliY0J3QUFBLiIsInN1YiI6IjBmN2RhNjkwLWY5YTgtNGYwMi1iZWYzLTVmMjI1MWEwYzY3MyIsInRpZCI6IjRmM2VjZjBhLTA2NzEtNDc2NC05NWM3LTNlMjBiZjFmNGI2OSIsInV0aSI6IkN2UkRvNnhoakU2cUwyNWxFWXhjQUEiLCJ2ZXIiOiIxLjAifQ.Ui2t8roVBK1BM1FmY2YBJWxrpiBxfe84znOAvbQRGOQGShTCT4Unr-Edq56VwHVehzHA4ZPWyL1mg5hAfq7HpnmqZy_FIgj8l-4UF5VqmDpS8kDUiExyA_U1zo4vtSqG_gjLFnTj8F6mTurFICW4XvfIbqmdVSUVd6nm5-ec_LDqnSBormlnvaxB3ZNayA_KpdIAK3Uoe9JY8eZekoLDvr5Q9zidzorncCXCxgEXST64qeYCoBhTamZehXv_qU_iErNLvzeBampll3r7p6w7pFn5yjedWU36ynZgx61vzOPoMk5EAEYqgi1AD2eqVpL9dMWy6kZu_F9cOVt4qLXldQ"
--data-raw '{
    "proxyType": "UEN",
    "proxyValue": "T01LLXXXXA",
    "amount": "14.53",
    "referenceText": "pay house loan from JJ",
    "qrcodeSize": 20.0,
    "expiryDate": "20210918"
}', error:Unknown option -v
	at org.apache.jmeter.protocol.http.curl.BasicCurlParser.parse(BasicCurlParser.java:185) ~[ApacheJMeter_http.jar:5.1.1 r1855137]
	at org.apache.jmeter.protocol.http.gui.action.ParseCurlCommandAction.actionPerformed(ParseCurlCommandAction.java:308) [ApacheJMeter_http.jar:5.1.1 r1855137]
	at javax.swing.AbstractButton.fireActionPerformed(AbstractButton.java:1967) [?:?]
	at javax.swing.AbstractButton$Handler.actionPerformed(AbstractButton.java:2308) [?:?]
	at javax.swing.DefaultButtonModel.fireActionPerformed(DefaultButtonModel.java:405) [?:?]
	at javax.swing.DefaultButtonModel.setPressed(DefaultButtonModel.java:262) [?:?]
	at javax.swing.plaf.basic.BasicButtonListener.mouseReleased(BasicButtonListener.java:279) [?:?]
	at java.awt.Component.processMouseEvent(Component.java:6632) [?:?]
	at javax.swing.JComponent.processMouseEvent(JComponent.java:3342) [?:?]
	at java.awt.Component.processEvent(Component.java:6397) [?:?]
	at java.awt.Container.processEvent(Container.java:2263) [?:?]
	at java.awt.Component.dispatchEventImpl(Component.java:5008) [?:?]
	at java.awt.Container.dispatchEventImpl(Container.java:2321) [?:?]
	at java.awt.Component.dispatchEvent(Component.java:4840) [?:?]
	at java.awt.LightweightDispatcher.retargetMouseEvent(Container.java:4918) [?:?]
	at java.awt.LightweightDispatcher.processMouseEvent(Container.java:4547) [?:?]
	at java.awt.LightweightDispatcher.dispatchEvent(Container.java:4488) [?:?]
	at java.awt.Container.dispatchEventImpl(Container.java:2307) [?:?]
	at java.awt.Window.dispatchEventImpl(Window.java:2772) [?:?]
	at java.awt.Component.dispatchEvent(Component.java:4840) [?:?]
	at java.awt.EventQueue.dispatchEventImpl(EventQueue.java:772) [?:?]
	at java.awt.EventQueue$4.run(EventQueue.java:721) [?:?]
	at java.awt.EventQueue$4.run(EventQueue.java:715) [?:?]
	at java.security.AccessController.doPrivileged(Native Method) [?:?]
	at java.security.ProtectionDomain$JavaSecurityAccessImpl.doIntersectionPrivilege(ProtectionDomain.java:85) [?:?]
	at java.security.ProtectionDomain$JavaSecurityAccessImpl.doIntersectionPrivilege(ProtectionDomain.java:95) [?:?]
	at java.awt.EventQueue$5.run(EventQueue.java:745) [?:?]
	at java.awt.EventQueue$5.run(EventQueue.java:743) [?:?]
	at java.security.AccessController.doPrivileged(Native Method) [?:?]
	at java.security.ProtectionDomain$JavaSecurityAccessImpl.doIntersectionPrivilege(ProtectionDomain.java:85) [?:?]
	at java.awt.EventQueue.dispatchEvent(EventQueue.java:742) [?:?]
	at java.awt.EventDispatchThread.pumpOneEventForFilters(EventDispatchThread.java:203) [?:?]
	at java.awt.EventDispatchThread.pumpEventsForFilter(EventDispatchThread.java:124) [?:?]
	at java.awt.EventDispatchThread.pumpEventsForHierarchy(EventDispatchThread.java:113) [?:?]
	at java.awt.EventDispatchThread.pumpEvents(EventDispatchThread.java:109) [?:?]
	at java.awt.EventDispatchThread.pumpEvents(EventDispatchThread.java:101) [?:?]
	at java.awt.EventDispatchThread.run(EventDispatchThread.java:90) [?:?]
2021-09-02 10:36:13,184 INFO o.a.j.g.a.Load: Loading file: /usr/local/Cellar/apache-jmeter-5.1.1/bin/swagger-plan.jmx
2021-09-02 10:36:13,190 INFO o.a.j.s.FileServer: Set new base='/usr/local/Cellar/apache-jmeter-5.1.1/bin'
2021-09-02 10:36:13,191 INFO o.a.j.s.SaveService: Loading file: /usr/local/Cellar/apache-jmeter-5.1.1/bin/swagger-plan.jmx
2021-09-02 10:36:13,309 INFO o.a.j.v.ViewResultsFullVisualizer: Add JavaFX to your Java installation if you want to use renderer: org.apache.jmeter.visualizers.RenderInBrowser
2021-09-02 10:36:13,368 INFO o.a.j.v.ViewResultsFullVisualizer: Add JavaFX to your Java installation if you want to use renderer: org.apache.jmeter.visualizers.RenderInBrowser
2021-09-02 10:36:13,408 INFO o.a.j.v.ViewResultsFullVisualizer: Add JavaFX to your Java installation if you want to use renderer: org.apache.jmeter.visualizers.RenderInBrowser
2021-09-02 10:36:13,452 INFO o.a.j.v.ViewResultsFullVisualizer: Add JavaFX to your Java installation if you want to use renderer: org.apache.jmeter.visualizers.RenderInBrowser
2021-09-02 10:36:13,501 INFO o.a.j.v.ViewResultsFullVisualizer: Add JavaFX to your Java installation if you want to use renderer: org.apache.jmeter.visualizers.RenderInBrowser
2021-09-02 10:36:13,555 INFO o.a.j.v.ViewResultsFullVisualizer: Add JavaFX to your Java installation if you want to use renderer: org.apache.jmeter.visualizers.RenderInBrowser
2021-09-02 10:36:13,596 INFO o.a.j.v.ViewResultsFullVisualizer: Add JavaFX to your Java installation if you want to use renderer: org.apache.jmeter.visualizers.RenderInBrowser
2021-09-02 10:36:13,635 INFO o.a.j.v.ViewResultsFullVisualizer: Add JavaFX to your Java installation if you want to use renderer: org.apache.jmeter.visualizers.RenderInBrowser
2021-09-02 10:36:13,674 INFO o.a.j.v.ViewResultsFullVisualizer: Add JavaFX to your Java installation if you want to use renderer: org.apache.jmeter.visualizers.RenderInBrowser
2021-09-02 10:36:13,724 INFO o.a.j.v.ViewResultsFullVisualizer: Add JavaFX to your Java installation if you want to use renderer: org.apache.jmeter.visualizers.RenderInBrowser
2021-09-02 10:36:13,767 INFO o.a.j.v.ViewResultsFullVisualizer: Add JavaFX to your Java installation if you want to use renderer: org.apache.jmeter.visualizers.RenderInBrowser
2021-09-02 10:36:13,805 INFO o.a.j.v.ViewResultsFullVisualizer: Add JavaFX to your Java installation if you want to use renderer: org.apache.jmeter.visualizers.RenderInBrowser
2021-09-02 10:36:13,856 INFO o.a.j.v.ViewResultsFullVisualizer: Add JavaFX to your Java installation if you want to use renderer: org.apache.jmeter.visualizers.RenderInBrowser
2021-09-02 10:36:13,895 INFO o.a.j.v.ViewResultsFullVisualizer: Add JavaFX to your Java installation if you want to use renderer: org.apache.jmeter.visualizers.RenderInBrowser
2021-09-02 10:36:13,934 INFO o.a.j.v.ViewResultsFullVisualizer: Add JavaFX to your Java installation if you want to use renderer: org.apache.jmeter.visualizers.RenderInBrowser
2021-09-02 10:36:13,975 INFO o.a.j.v.ViewResultsFullVisualizer: Add JavaFX to your Java installation if you want to use renderer: org.apache.jmeter.visualizers.RenderInBrowser
2021-09-02 10:36:14,017 INFO o.a.j.v.ViewResultsFullVisualizer: Add JavaFX to your Java installation if you want to use renderer: org.apache.jmeter.visualizers.RenderInBrowser
2021-09-02 10:36:14,057 INFO o.a.j.v.ViewResultsFullVisualizer: Add JavaFX to your Java installation if you want to use renderer: org.apache.jmeter.visualizers.RenderInBrowser
2021-09-02 10:36:14,103 INFO o.a.j.v.ViewResultsFullVisualizer: Add JavaFX to your Java installation if you want to use renderer: org.apache.jmeter.visualizers.RenderInBrowser
2021-09-02 10:36:14,149 INFO o.a.j.v.ViewResultsFullVisualizer: Add JavaFX to your Java installation if you want to use renderer: org.apache.jmeter.visualizers.RenderInBrowser
2021-09-02 10:36:14,196 INFO o.a.j.v.ViewResultsFullVisualizer: Add JavaFX to your Java installation if you want to use renderer: org.apache.jmeter.visualizers.RenderInBrowser
2021-09-02 10:36:14,241 INFO o.a.j.v.ViewResultsFullVisualizer: Add JavaFX to your Java installation if you want to use renderer: org.apache.jmeter.visualizers.RenderInBrowser
2021-09-02 10:36:14,286 INFO o.a.j.v.ViewResultsFullVisualizer: Add JavaFX to your Java installation if you want to use renderer: org.apache.jmeter.visualizers.RenderInBrowser
2021-09-02 10:36:14,326 INFO o.a.j.v.ViewResultsFullVisualizer: Add JavaFX to your Java installation if you want to use renderer: org.apache.jmeter.visualizers.RenderInBrowser
2021-09-02 10:36:14,365 INFO o.a.j.v.ViewResultsFullVisualizer: Add JavaFX to your Java installation if you want to use renderer: org.apache.jmeter.visualizers.RenderInBrowser
2021-09-02 10:36:14,409 INFO o.a.j.v.ViewResultsFullVisualizer: Add JavaFX to your Java installation if you want to use renderer: org.apache.jmeter.visualizers.RenderInBrowser
2021-09-02 10:36:14,459 INFO o.a.j.v.ViewResultsFullVisualizer: Add JavaFX to your Java installation if you want to use renderer: org.apache.jmeter.visualizers.RenderInBrowser
2021-09-02 10:36:14,508 INFO o.a.j.v.ViewResultsFullVisualizer: Add JavaFX to your Java installation if you want to use renderer: org.apache.jmeter.visualizers.RenderInBrowser
2021-09-02 10:36:14,555 INFO o.a.j.v.ViewResultsFullVisualizer: Add JavaFX to your Java installation if you want to use renderer: org.apache.jmeter.visualizers.RenderInBrowser
2021-09-02 10:36:14,598 INFO o.a.j.v.ViewResultsFullVisualizer: Add JavaFX to your Java installation if you want to use renderer: org.apache.jmeter.visualizers.RenderInBrowser
2021-09-02 10:36:14,634 INFO o.a.j.v.ViewResultsFullVisualizer: Add JavaFX to your Java installation if you want to use renderer: org.apache.jmeter.visualizers.RenderInBrowser
2021-09-02 10:36:14,660 INFO o.a.j.s.FileServer: Set new base='/usr/local/Cellar/apache-jmeter-5.1.1/bin'
2021-09-02 10:36:42,985 INFO o.a.j.v.ViewResultsFullVisualizer: Add JavaFX to your Java installation if you want to use renderer: org.apache.jmeter.visualizers.RenderInBrowser
2021-09-02 10:42:42,633 INFO o.a.j.e.StandardJMeterEngine: Running the test!
2021-09-02 10:42:42,668 INFO o.a.j.s.SampleEvent: List of sample_variables: []
2021-09-02 10:42:42,668 INFO o.a.j.s.SampleEvent: List of sample_variables: []
2021-09-02 10:42:42,684 INFO o.a.j.e.u.CompoundVariable: Note: Function class names must contain the string: '.functions.'
2021-09-02 10:42:42,684 INFO o.a.j.e.u.CompoundVariable: Note: Function class names must not contain the string: '.gui.'
2021-09-02 10:42:43,161 INFO o.a.j.g.u.JMeterMenuBar: setRunning(true, *local*)
2021-09-02 10:42:43,448 INFO o.a.j.e.StandardJMeterEngine: Starting ThreadGroup: 1 : client-grant-flow
2021-09-02 10:42:43,448 INFO o.a.j.e.StandardJMeterEngine: Starting 1 threads for group client-grant-flow.
2021-09-02 10:42:43,448 INFO o.a.j.e.StandardJMeterEngine: Thread will continue on error
2021-09-02 10:42:43,448 INFO o.a.j.t.ThreadGroup: Starting thread group... number=1 threads=1 ramp-up=1 delayedStart=true
2021-09-02 10:42:43,450 INFO o.a.j.t.ThreadGroup: Started thread group number 1
2021-09-02 10:42:43,452 INFO o.a.j.e.StandardJMeterEngine: All thread groups have been started
2021-09-02 10:42:43,461 INFO o.a.j.t.JMeterThread: Thread started: client-grant-flow 1-1
2021-09-02 10:42:43,505 INFO o.a.j.p.h.s.HTTPHCAbstractImpl: Local host = Admins-MacBook-Pro-7.local
2021-09-02 10:42:43,521 INFO o.a.j.p.h.s.HTTPHC4Impl: HTTP request retry count = 0
2021-09-02 10:42:43,789 INFO o.a.j.p.h.s.h.LazyLayeredConnectionSocketFactory: Setting up HTTPS TrustAll Socket Factory
2021-09-02 10:42:43,797 INFO o.a.j.u.JsseSSLManager: Using default SSL protocol: TLS
2021-09-02 10:42:43,797 INFO o.a.j.u.JsseSSLManager: SSL session context: per-thread
2021-09-02 10:42:44,000 INFO o.a.j.u.SSLManager: JmeterKeyStore Location:  type JKS
2021-09-02 10:42:44,007 INFO o.a.j.u.SSLManager: KeyStore created OK
2021-09-02 10:42:44,007 WARN o.a.j.u.SSLManager: Keystore file not found, loading empty keystore
2021-09-02 10:42:44,796 INFO o.a.j.t.JMeterThread: Thread is done: client-grant-flow 1-1
2021-09-02 10:42:44,796 INFO o.a.j.t.JMeterThread: Thread finished: client-grant-flow 1-1
2021-09-02 10:42:44,808 INFO o.a.j.e.StandardJMeterEngine: Notifying test listeners of end of test
2021-09-02 10:42:44,808 INFO o.a.j.g.u.JMeterMenuBar: setRunning(false, *local*)
2021-09-02 10:53:32,452 INFO o.a.j.e.StandardJMeterEngine: Running the test!
2021-09-02 10:53:32,453 INFO o.a.j.s.SampleEvent: List of sample_variables: []
2021-09-02 10:53:32,471 INFO o.a.j.g.u.JMeterMenuBar: setRunning(true, *local*)
2021-09-02 10:53:32,615 INFO o.a.j.e.StandardJMeterEngine: Starting ThreadGroup: 1 : client-grant-flow
2021-09-02 10:53:32,615 INFO o.a.j.e.StandardJMeterEngine: Starting 1 threads for group client-grant-flow.
2021-09-02 10:53:32,615 INFO o.a.j.e.StandardJMeterEngine: Thread will continue on error
2021-09-02 10:53:32,615 INFO o.a.j.t.ThreadGroup: Starting thread group... number=1 threads=1 ramp-up=1 delayedStart=true
2021-09-02 10:53:32,616 INFO o.a.j.t.ThreadGroup: Started thread group number 1
2021-09-02 10:53:32,616 INFO o.a.j.e.StandardJMeterEngine: All thread groups have been started
2021-09-02 10:53:32,617 INFO o.a.j.t.JMeterThread: Thread started: client-grant-flow 1-1
2021-09-02 10:53:34,910 INFO o.a.j.t.JMeterThread: Thread is done: client-grant-flow 1-1
2021-09-02 10:53:34,910 INFO o.a.j.t.JMeterThread: Thread finished: client-grant-flow 1-1
2021-09-02 10:53:34,910 INFO o.a.j.e.StandardJMeterEngine: Notifying test listeners of end of test
2021-09-02 10:53:34,911 INFO o.a.j.g.u.JMeterMenuBar: setRunning(false, *local*)
2021-09-02 10:53:37,044 INFO o.a.j.v.ViewResultsFullVisualizer: Add JavaFX to your Java installation if you want to use renderer: org.apache.jmeter.visualizers.RenderInBrowser
2021-09-02 10:53:47,928 INFO o.a.j.e.StandardJMeterEngine: Running the test!
2021-09-02 10:53:47,928 INFO o.a.j.s.SampleEvent: List of sample_variables: []
2021-09-02 10:53:47,930 INFO o.a.j.g.u.JMeterMenuBar: setRunning(true, *local*)
2021-09-02 10:53:48,053 INFO o.a.j.e.StandardJMeterEngine: Starting ThreadGroup: 1 : client-grant-flow
2021-09-02 10:53:48,053 INFO o.a.j.e.StandardJMeterEngine: Starting 1 threads for group client-grant-flow.
2021-09-02 10:53:48,053 INFO o.a.j.e.StandardJMeterEngine: Thread will continue on error
2021-09-02 10:53:48,054 INFO o.a.j.t.ThreadGroup: Starting thread group... number=1 threads=1 ramp-up=1 delayedStart=true
2021-09-02 10:53:48,054 INFO o.a.j.t.ThreadGroup: Started thread group number 1
2021-09-02 10:53:48,055 INFO o.a.j.e.StandardJMeterEngine: All thread groups have been started
2021-09-02 10:53:48,059 INFO o.a.j.t.JMeterThread: Thread started: client-grant-flow 1-1
2021-09-02 10:53:48,235 INFO o.a.j.t.JMeterThread: Thread is done: client-grant-flow 1-1
2021-09-02 10:53:48,235 INFO o.a.j.t.JMeterThread: Thread finished: client-grant-flow 1-1
2021-09-02 10:53:48,235 INFO o.a.j.e.StandardJMeterEngine: Notifying test listeners of end of test
2021-09-02 10:53:48,236 INFO o.a.j.g.u.JMeterMenuBar: setRunning(false, *local*)
2021-09-02 11:12:32,767 INFO o.a.j.e.StandardJMeterEngine: Running the test!
2021-09-02 11:12:32,779 INFO o.a.j.s.SampleEvent: List of sample_variables: []
2021-09-02 11:12:32,836 INFO o.a.j.g.u.JMeterMenuBar: setRunning(true, *local*)
2021-09-02 11:12:33,021 INFO o.a.j.e.StandardJMeterEngine: Starting ThreadGroup: 1 : client-grant-flow
2021-09-02 11:12:33,021 INFO o.a.j.e.StandardJMeterEngine: Starting 1 threads for group client-grant-flow.
2021-09-02 11:12:33,021 INFO o.a.j.e.StandardJMeterEngine: Thread will continue on error
2021-09-02 11:12:33,022 INFO o.a.j.t.ThreadGroup: Starting thread group... number=1 threads=1 ramp-up=1 delayedStart=true
2021-09-02 11:12:33,022 INFO o.a.j.t.ThreadGroup: Started thread group number 1
2021-09-02 11:12:33,022 INFO o.a.j.e.StandardJMeterEngine: All thread groups have been started
2021-09-02 11:12:33,027 INFO o.a.j.t.JMeterThread: Thread started: client-grant-flow 1-1
2021-09-02 11:12:33,750 INFO o.a.j.t.JMeterThread: Thread is done: client-grant-flow 1-1
2021-09-02 11:12:33,751 INFO o.a.j.t.JMeterThread: Thread finished: client-grant-flow 1-1
2021-09-02 11:12:33,751 INFO o.a.j.e.StandardJMeterEngine: Notifying test listeners of end of test
2021-09-02 11:12:33,752 INFO o.a.j.g.u.JMeterMenuBar: setRunning(false, *local*)
2021-09-02 11:12:59,852 INFO o.a.j.e.StandardJMeterEngine: Running the test!
2021-09-02 11:12:59,853 INFO o.a.j.s.SampleEvent: List of sample_variables: []
2021-09-02 11:12:59,870 INFO o.a.j.g.u.JMeterMenuBar: setRunning(true, *local*)
2021-09-02 11:13:00,007 INFO o.a.j.e.StandardJMeterEngine: Starting ThreadGroup: 1 : client-grant-flow
2021-09-02 11:13:00,008 INFO o.a.j.e.StandardJMeterEngine: Starting 1 threads for group client-grant-flow.
2021-09-02 11:13:00,009 INFO o.a.j.e.StandardJMeterEngine: Thread will continue on error
2021-09-02 11:13:00,009 INFO o.a.j.t.ThreadGroup: Starting thread group... number=1 threads=1 ramp-up=1 delayedStart=true
2021-09-02 11:13:00,011 INFO o.a.j.t.ThreadGroup: Started thread group number 1
2021-09-02 11:13:00,011 INFO o.a.j.e.StandardJMeterEngine: All thread groups have been started
2021-09-02 11:13:00,017 INFO o.a.j.t.JMeterThread: Thread started: client-grant-flow 1-1
2021-09-02 11:13:00,216 INFO o.a.j.t.JMeterThread: Thread is done: client-grant-flow 1-1
2021-09-02 11:13:00,216 INFO o.a.j.t.JMeterThread: Thread finished: client-grant-flow 1-1
2021-09-02 11:13:00,217 INFO o.a.j.e.StandardJMeterEngine: Notifying test listeners of end of test
2021-09-02 11:13:00,218 INFO o.a.j.g.u.JMeterMenuBar: setRunning(false, *local*)
2021-09-02 11:13:50,262 INFO o.a.j.e.StandardJMeterEngine: Running the test!
2021-09-02 11:13:50,269 INFO o.a.j.s.SampleEvent: List of sample_variables: []
2021-09-02 11:13:50,276 INFO o.a.j.g.u.JMeterMenuBar: setRunning(true, *local*)
2021-09-02 11:13:50,398 INFO o.a.j.e.StandardJMeterEngine: Starting ThreadGroup: 1 : client-grant-flow
2021-09-02 11:13:50,399 INFO o.a.j.e.StandardJMeterEngine: Starting 1 threads for group client-grant-flow.
2021-09-02 11:13:50,399 INFO o.a.j.e.StandardJMeterEngine: Thread will continue on error
2021-09-02 11:13:50,399 INFO o.a.j.t.ThreadGroup: Starting thread group... number=1 threads=1 ramp-up=1 delayedStart=true
2021-09-02 11:13:50,399 INFO o.a.j.t.ThreadGroup: Started thread group number 1
2021-09-02 11:13:50,401 INFO o.a.j.e.StandardJMeterEngine: All thread groups have been started
2021-09-02 11:13:50,407 INFO o.a.j.t.JMeterThread: Thread started: client-grant-flow 1-1
2021-09-02 11:13:50,737 INFO o.a.j.t.JMeterThread: Thread is done: client-grant-flow 1-1
2021-09-02 11:13:50,737 INFO o.a.j.t.JMeterThread: Thread finished: client-grant-flow 1-1
2021-09-02 11:13:50,738 INFO o.a.j.e.StandardJMeterEngine: Notifying test listeners of end of test
2021-09-02 11:13:50,739 INFO o.a.j.g.u.JMeterMenuBar: setRunning(false, *local*)
2021-09-02 11:14:34,226 INFO o.a.j.e.StandardJMeterEngine: Running the test!
2021-09-02 11:14:34,227 INFO o.a.j.s.SampleEvent: List of sample_variables: []
2021-09-02 11:14:34,236 INFO o.a.j.g.u.JMeterMenuBar: setRunning(true, *local*)
2021-09-02 11:14:34,357 INFO o.a.j.e.StandardJMeterEngine: Starting ThreadGroup: 1 : client-grant-flow
2021-09-02 11:14:34,357 INFO o.a.j.e.StandardJMeterEngine: Starting 1 threads for group client-grant-flow.
2021-09-02 11:14:34,357 INFO o.a.j.e.StandardJMeterEngine: Thread will continue on error
2021-09-02 11:14:34,357 INFO o.a.j.t.ThreadGroup: Starting thread group... number=1 threads=1 ramp-up=1 delayedStart=true
2021-09-02 11:14:34,357 INFO o.a.j.t.ThreadGroup: Started thread group number 1
2021-09-02 11:14:34,358 INFO o.a.j.e.StandardJMeterEngine: All thread groups have been started
2021-09-02 11:14:34,359 INFO o.a.j.t.JMeterThread: Thread started: client-grant-flow 1-1
2021-09-02 11:14:34,614 INFO o.a.j.t.JMeterThread: Thread is done: client-grant-flow 1-1
2021-09-02 11:14:34,614 INFO o.a.j.t.JMeterThread: Thread finished: client-grant-flow 1-1
2021-09-02 11:14:34,614 INFO o.a.j.e.StandardJMeterEngine: Notifying test listeners of end of test
2021-09-02 11:14:34,615 INFO o.a.j.g.u.JMeterMenuBar: setRunning(false, *local*)
2021-09-02 13:12:56,555 INFO o.a.j.e.StandardJMeterEngine: Running the test!
2021-09-02 13:12:56,564 INFO o.a.j.s.SampleEvent: List of sample_variables: []
2021-09-02 13:12:56,570 INFO o.a.j.g.u.JMeterMenuBar: setRunning(true, *local*)
2021-09-02 13:12:56,840 INFO o.a.j.e.StandardJMeterEngine: Starting ThreadGroup: 1 : client-grant-flow
2021-09-02 13:12:56,841 INFO o.a.j.e.StandardJMeterEngine: Starting 1 threads for group client-grant-flow.
2021-09-02 13:12:56,841 INFO o.a.j.e.StandardJMeterEngine: Thread will continue on error
2021-09-02 13:12:56,841 INFO o.a.j.t.ThreadGroup: Starting thread group... number=1 threads=1 ramp-up=1 delayedStart=true
2021-09-02 13:12:56,842 INFO o.a.j.t.ThreadGroup: Started thread group number 1
2021-09-02 13:12:56,843 INFO o.a.j.e.StandardJMeterEngine: All thread groups have been started
2021-09-02 13:12:56,861 INFO o.a.j.t.JMeterThread: Thread started: client-grant-flow 1-1
2021-09-02 13:12:57,548 INFO o.a.j.t.JMeterThread: Thread is done: client-grant-flow 1-1
2021-09-02 13:12:57,555 INFO o.a.j.t.JMeterThread: Thread finished: client-grant-flow 1-1
2021-09-02 13:12:57,556 INFO o.a.j.e.StandardJMeterEngine: Notifying test listeners of end of test
2021-09-02 13:12:57,556 INFO o.a.j.g.u.JMeterMenuBar: setRunning(false, *local*)
2021-09-02 13:13:08,934 INFO o.a.j.e.StandardJMeterEngine: Running the test!
2021-09-02 13:13:08,934 INFO o.a.j.s.SampleEvent: List of sample_variables: []
2021-09-02 13:13:08,943 INFO o.a.j.g.u.JMeterMenuBar: setRunning(true, *local*)
2021-09-02 13:13:09,122 INFO o.a.j.e.StandardJMeterEngine: Starting ThreadGroup: 1 : client-grant-flow
2021-09-02 13:13:09,122 INFO o.a.j.e.StandardJMeterEngine: Starting 1 threads for group client-grant-flow.
2021-09-02 13:13:09,122 INFO o.a.j.e.StandardJMeterEngine: Thread will continue on error
2021-09-02 13:13:09,122 INFO o.a.j.t.ThreadGroup: Starting thread group... number=1 threads=1 ramp-up=1 delayedStart=true
2021-09-02 13:13:09,123 INFO o.a.j.t.ThreadGroup: Started thread group number 1
2021-09-02 13:13:09,123 INFO o.a.j.e.StandardJMeterEngine: All thread groups have been started
2021-09-02 13:13:09,126 INFO o.a.j.t.JMeterThread: Thread started: client-grant-flow 1-1
2021-09-02 13:13:12,783 INFO o.a.j.t.JMeterThread: Thread is done: client-grant-flow 1-1
2021-09-02 13:13:12,784 INFO o.a.j.t.JMeterThread: Thread finished: client-grant-flow 1-1
2021-09-02 13:13:12,784 INFO o.a.j.e.StandardJMeterEngine: Notifying test listeners of end of test
2021-09-02 13:13:12,784 INFO o.a.j.g.u.JMeterMenuBar: setRunning(false, *local*)
2021-09-02 13:18:10,966 INFO o.a.j.e.StandardJMeterEngine: Running the test!
2021-09-02 13:18:10,967 INFO o.a.j.s.SampleEvent: List of sample_variables: []
2021-09-02 13:18:10,969 INFO o.a.j.g.u.JMeterMenuBar: setRunning(true, *local*)
2021-09-02 13:18:11,086 INFO o.a.j.e.StandardJMeterEngine: Starting ThreadGroup: 1 : client-grant-flow
2021-09-02 13:18:11,086 INFO o.a.j.e.StandardJMeterEngine: Starting 1 threads for group client-grant-flow.
2021-09-02 13:18:11,087 INFO o.a.j.e.StandardJMeterEngine: Thread will continue on error
2021-09-02 13:18:11,087 INFO o.a.j.t.ThreadGroup: Starting thread group... number=1 threads=1 ramp-up=1 delayedStart=true
2021-09-02 13:18:11,087 INFO o.a.j.t.ThreadGroup: Started thread group number 1
2021-09-02 13:18:11,087 INFO o.a.j.e.StandardJMeterEngine: All thread groups have been started
2021-09-02 13:18:11,090 INFO o.a.j.t.JMeterThread: Thread started: client-grant-flow 1-1
2021-09-02 13:18:15,670 INFO o.a.j.t.JMeterThread: Thread is done: client-grant-flow 1-1
2021-09-02 13:18:15,670 INFO o.a.j.t.JMeterThread: Thread finished: client-grant-flow 1-1
2021-09-02 13:18:15,671 INFO o.a.j.e.StandardJMeterEngine: Notifying test listeners of end of test
2021-09-02 13:18:15,672 INFO o.a.j.g.u.JMeterMenuBar: setRunning(false, *local*)
2021-09-02 13:46:58,808 INFO o.a.j.e.StandardJMeterEngine: Running the test!
2021-09-02 13:46:58,819 INFO o.a.j.s.SampleEvent: List of sample_variables: []
2021-09-02 13:46:58,826 INFO o.a.j.g.u.JMeterMenuBar: setRunning(true, *local*)
2021-09-02 13:46:59,102 INFO o.a.j.e.StandardJMeterEngine: Starting ThreadGroup: 1 : client-grant-flow
2021-09-02 13:46:59,102 INFO o.a.j.e.StandardJMeterEngine: Starting 1 threads for group client-grant-flow.
2021-09-02 13:46:59,102 INFO o.a.j.e.StandardJMeterEngine: Thread will continue on error
2021-09-02 13:46:59,103 INFO o.a.j.t.ThreadGroup: Starting thread group... number=1 threads=1 ramp-up=1 delayedStart=true
2021-09-02 13:46:59,105 INFO o.a.j.t.ThreadGroup: Started thread group number 1
2021-09-02 13:46:59,105 INFO o.a.j.e.StandardJMeterEngine: All thread groups have been started
2021-09-02 13:46:59,106 INFO o.a.j.t.JMeterThread: Thread started: client-grant-flow 1-1
2021-09-02 13:47:01,469 INFO o.a.j.t.JMeterThread: Thread is done: client-grant-flow 1-1
2021-09-02 13:47:01,469 INFO o.a.j.t.JMeterThread: Thread finished: client-grant-flow 1-1
2021-09-02 13:47:01,470 INFO o.a.j.e.StandardJMeterEngine: Notifying test listeners of end of test
2021-09-02 13:47:01,471 INFO o.a.j.g.u.JMeterMenuBar: setRunning(false, *local*)
2021-09-02 13:48:06,612 INFO o.a.j.e.StandardJMeterEngine: Running the test!
2021-09-02 13:48:06,617 INFO o.a.j.s.SampleEvent: List of sample_variables: []
2021-09-02 13:48:06,619 INFO o.a.j.g.u.JMeterMenuBar: setRunning(true, *local*)
2021-09-02 13:48:06,760 INFO o.a.j.e.StandardJMeterEngine: Starting ThreadGroup: 1 : client-grant-flow
2021-09-02 13:48:06,760 INFO o.a.j.e.StandardJMeterEngine: Starting 1 threads for group client-grant-flow.
2021-09-02 13:48:06,760 INFO o.a.j.e.StandardJMeterEngine: Thread will continue on error
2021-09-02 13:48:06,761 INFO o.a.j.t.ThreadGroup: Starting thread group... number=1 threads=1 ramp-up=1 delayedStart=true
2021-09-02 13:48:06,761 INFO o.a.j.t.ThreadGroup: Started thread group number 1
2021-09-02 13:48:06,762 INFO o.a.j.e.StandardJMeterEngine: All thread groups have been started
2021-09-02 13:48:06,764 INFO o.a.j.t.JMeterThread: Thread started: client-grant-flow 1-1
2021-09-02 13:48:07,176 INFO o.a.j.t.JMeterThread: Thread is done: client-grant-flow 1-1
2021-09-02 13:48:07,176 INFO o.a.j.t.JMeterThread: Thread finished: client-grant-flow 1-1
2021-09-02 13:48:07,177 INFO o.a.j.e.StandardJMeterEngine: Notifying test listeners of end of test
2021-09-02 13:48:07,178 INFO o.a.j.g.u.JMeterMenuBar: setRunning(false, *local*)
2021-09-02 13:50:05,959 INFO o.a.j.e.StandardJMeterEngine: Running the test!
2021-09-02 13:50:05,960 INFO o.a.j.s.SampleEvent: List of sample_variables: []
2021-09-02 13:50:05,961 INFO o.a.j.g.u.JMeterMenuBar: setRunning(true, *local*)
2021-09-02 13:50:06,104 INFO o.a.j.e.StandardJMeterEngine: Starting ThreadGroup: 1 : client-grant-flow
2021-09-02 13:50:06,104 INFO o.a.j.e.StandardJMeterEngine: Starting 1 threads for group client-grant-flow.
2021-09-02 13:50:06,104 INFO o.a.j.e.StandardJMeterEngine: Thread will continue on error
2021-09-02 13:50:06,104 INFO o.a.j.t.ThreadGroup: Starting thread group... number=1 threads=1 ramp-up=1 delayedStart=true
2021-09-02 13:50:06,104 INFO o.a.j.t.ThreadGroup: Started thread group number 1
2021-09-02 13:50:06,105 INFO o.a.j.e.StandardJMeterEngine: All thread groups have been started
2021-09-02 13:50:06,109 INFO o.a.j.t.JMeterThread: Thread started: client-grant-flow 1-1
2021-09-02 13:50:09,721 INFO o.a.j.t.JMeterThread: Thread is done: client-grant-flow 1-1
2021-09-02 13:50:09,721 INFO o.a.j.t.JMeterThread: Thread finished: client-grant-flow 1-1
2021-09-02 13:50:09,722 INFO o.a.j.e.StandardJMeterEngine: Notifying test listeners of end of test
2021-09-02 13:50:09,722 INFO o.a.j.g.u.JMeterMenuBar: setRunning(false, *local*)
